



(venv) dave@Garden1:~/plants_logs_server/scripts $ python move_plant_to_user.py --list-plants
Traceback (most recent call last):
  File "/home/dave/plants_logs_server/venv/lib/python3.11/site-packages/sqlalchemy/engine/base.py", line 1967, in _exec_single_context
    self.dialect.do_execute(
  File "/home/dave/plants_logs_server/venv/lib/python3.11/site-packages/sqlalchemy/engine/default.py", line 941, in do_execute
    cursor.execute(statement, parameters)
  File "/home/dave/plants_logs_server/venv/lib/python3.11/site-packages/sqlalchemy/dialects/mysql/aiomysql.py", line 95, in execute
    return self.await_(self._execute_async(operation, parameters))
           ^^^^^^^^^^^^^^^^^^^^^^^^^^^^^^^^^^^^^^^^^^^^^^^^^^^^^^^
  File "/home/dave/plants_logs_server/venv/lib/python3.11/site-packages/sqlalchemy/util/_concurrency_py3k.py", line 132, in await_only
    return current.parent.switch(awaitable)  # type: ignore[no-any-return,attr-defined] # noqa: E501
           ^^^^^^^^^^^^^^^^^^^^^^^^^^^^^^^^
  File "/home/dave/plants_logs_server/venv/lib/python3.11/site-packages/sqlalchemy/util/_concurrency_py3k.py", line 196, in greenlet_spawn
    value = await result
            ^^^^^^^^^^^^
  File "/home/dave/plants_logs_server/venv/lib/python3.11/site-packages/sqlalchemy/dialects/mysql/aiomysql.py", line 104, in _execute_async
    result = await self._cursor.execute(operation, parameters)
             ^^^^^^^^^^^^^^^^^^^^^^^^^^^^^^^^^^^^^^^^^^^^^^^^^
  File "/home/dave/plants_logs_server/venv/lib/python3.11/site-packages/aiomysql/cursors.py", line 239, in execute
    await self._query(query)
  File "/home/dave/plants_logs_server/venv/lib/python3.11/site-packages/aiomysql/cursors.py", line 457, in _query
    await conn.query(q)
  File "/home/dave/plants_logs_server/venv/lib/python3.11/site-packages/aiomysql/connection.py", line 469, in query
    await self._read_query_result(unbuffered=unbuffered)
  File "/home/dave/plants_logs_server/venv/lib/python3.11/site-packages/aiomysql/connection.py", line 683, in _read_query_result
    await result.read()
  File "/home/dave/plants_logs_server/venv/lib/python3.11/site-packages/aiomysql/connection.py", line 1164, in read
    first_packet = await self.connection._read_packet()
                   ^^^^^^^^^^^^^^^^^^^^^^^^^^^^^^^^^^^^
  File "/home/dave/plants_logs_server/venv/lib/python3.11/site-packages/aiomysql/connection.py", line 652, in _read_packet
    packet.raise_for_error()
  File "/home/dave/plants_logs_server/venv/lib/python3.11/site-packages/pymysql/protocol.py", line 219, in raise_for_error
    err.raise_mysql_exception(self._data)
  File "/home/dave/plants_logs_server/venv/lib/python3.11/site-packages/pymysql/err.py", line 150, in raise_mysql_exception
    raise errorclass(errno, errval)
pymysql.err.OperationalError: (1054, "Unknown column 'plants.strain' in 'SELECT'")

The above exception was the direct cause of the following exception:

Traceback (most recent call last):
  File "/home/dave/plants_logs_server/scripts/move_plant_to_user.py", line 255, in <module>
    main()
  File "/home/dave/plants_logs_server/scripts/move_plant_to_user.py", line 238, in main
    asyncio.run(list_all_plants())
  File "/usr/lib/python3.11/asyncio/runners.py", line 190, in run
    return runner.run(main)
           ^^^^^^^^^^^^^^^^
  File "/usr/lib/python3.11/asyncio/runners.py", line 118, in run
    return self._loop.run_until_complete(task)
           ^^^^^^^^^^^^^^^^^^^^^^^^^^^^^^^^^^^
  File "/usr/lib/python3.11/asyncio/base_events.py", line 653, in run_until_complete
    return future.result()
           ^^^^^^^^^^^^^^^
  File "/home/dave/plants_logs_server/scripts/move_plant_to_user.py", line 153, in list_all_plants
    result = await session.execute(select(Plant))
             ^^^^^^^^^^^^^^^^^^^^^^^^^^^^^^^^^^^^
  File "/home/dave/plants_logs_server/venv/lib/python3.11/site-packages/sqlalchemy/ext/asyncio/session.py", line 461, in execute
    result = await greenlet_spawn(
             ^^^^^^^^^^^^^^^^^^^^^
  File "/home/dave/plants_logs_server/venv/lib/python3.11/site-packages/sqlalchemy/util/_concurrency_py3k.py", line 201, in greenlet_spawn
    result = context.throw(*sys.exc_info())
             ^^^^^^^^^^^^^^^^^^^^^^^^^^^^^^
  File "/home/dave/plants_logs_server/venv/lib/python3.11/site-packages/sqlalchemy/orm/session.py", line 2362, in execute
    return self._execute_internal(
           ^^^^^^^^^^^^^^^^^^^^^^^
  File "/home/dave/plants_logs_server/venv/lib/python3.11/site-packages/sqlalchemy/orm/session.py", line 2247, in _execute_internal
    result: Result[Any] = compile_state_cls.orm_execute_statement(
                          ^^^^^^^^^^^^^^^^^^^^^^^^^^^^^^^^^^^^^^^^
  File "/home/dave/plants_logs_server/venv/lib/python3.11/site-packages/sqlalchemy/orm/context.py", line 305, in orm_execute_statement
    result = conn.execute(
             ^^^^^^^^^^^^^
  File "/home/dave/plants_logs_server/venv/lib/python3.11/site-packages/sqlalchemy/engine/base.py", line 1418, in execute
    return meth(
           ^^^^^
  File "/home/dave/plants_logs_server/venv/lib/python3.11/site-packages/sqlalchemy/sql/elements.py", line 515, in _execute_on_connection
    return connection._execute_clauseelement(
           ^^^^^^^^^^^^^^^^^^^^^^^^^^^^^^^^^^
  File "/home/dave/plants_logs_server/venv/lib/python3.11/site-packages/sqlalchemy/engine/base.py", line 1640, in _execute_clauseelement
    ret = self._execute_context(
          ^^^^^^^^^^^^^^^^^^^^^^
  File "/home/dave/plants_logs_server/venv/lib/python3.11/site-packages/sqlalchemy/engine/base.py", line 1846, in _execute_context
    return self._exec_single_context(
           ^^^^^^^^^^^^^^^^^^^^^^^^^^
  File "/home/dave/plants_logs_server/venv/lib/python3.11/site-packages/sqlalchemy/engine/base.py", line 1986, in _exec_single_context
    self._handle_dbapi_exception(
  File "/home/dave/plants_logs_server/venv/lib/python3.11/site-packages/sqlalchemy/engine/base.py", line 2355, in _handle_dbapi_exception
    raise sqlalchemy_exception.with_traceback(exc_info[2]) from e
  File "/home/dave/plants_logs_server/venv/lib/python3.11/site-packages/sqlalchemy/engine/base.py", line 1967, in _exec_single_context
    self.dialect.do_execute(
  File "/home/dave/plants_logs_server/venv/lib/python3.11/site-packages/sqlalchemy/engine/default.py", line 941, in do_execute
    cursor.execute(statement, parameters)
  File "/home/dave/plants_logs_server/venv/lib/python3.11/site-packages/sqlalchemy/dialects/mysql/aiomysql.py", line 95, in execute
    return self.await_(self._execute_async(operation, parameters))
           ^^^^^^^^^^^^^^^^^^^^^^^^^^^^^^^^^^^^^^^^^^^^^^^^^^^^^^^
  File "/home/dave/plants_logs_server/venv/lib/python3.11/site-packages/sqlalchemy/util/_concurrency_py3k.py", line 132, in await_only
    return current.parent.switch(awaitable)  # type: ignore[no-any-return,attr-defined] # noqa: E501
           ^^^^^^^^^^^^^^^^^^^^^^^^^^^^^^^^
  File "/home/dave/plants_logs_server/venv/lib/python3.11/site-packages/sqlalchemy/util/_concurrency_py3k.py", line 196, in greenlet_spawn
    value = await result
            ^^^^^^^^^^^^
  File "/home/dave/plants_logs_server/venv/lib/python3.11/site-packages/sqlalchemy/dialects/mysql/aiomysql.py", line 104, in _execute_async
    result = await self._cursor.execute(operation, parameters)
             ^^^^^^^^^^^^^^^^^^^^^^^^^^^^^^^^^^^^^^^^^^^^^^^^^
  File "/home/dave/plants_logs_server/venv/lib/python3.11/site-packages/aiomysql/cursors.py", line 239, in execute
    await self._query(query)
  File "/home/dave/plants_logs_server/venv/lib/python3.11/site-packages/aiomysql/cursors.py", line 457, in _query
    await conn.query(q)
  File "/home/dave/plants_logs_server/venv/lib/python3.11/site-packages/aiomysql/connection.py", line 469, in query
    await self._read_query_result(unbuffered=unbuffered)
  File "/home/dave/plants_logs_server/venv/lib/python3.11/site-packages/aiomysql/connection.py", line 683, in _read_query_result
    await result.read()
  File "/home/dave/plants_logs_server/venv/lib/python3.11/site-packages/aiomysql/connection.py", line 1164, in read
    first_packet = await self.connection._read_packet()
                   ^^^^^^^^^^^^^^^^^^^^^^^^^^^^^^^^^^^^
  File "/home/dave/plants_logs_server/venv/lib/python3.11/site-packages/aiomysql/connection.py", line 652, in _read_packet
    packet.raise_for_error()
  File "/home/dave/plants_logs_server/venv/lib/python3.11/site-packages/pymysql/protocol.py", line 219, in raise_for_error
    err.raise_mysql_exception(self._data)
  File "/home/dave/plants_logs_server/venv/lib/python3.11/site-packages/pymysql/err.py", line 150, in raise_mysql_exception
    raise errorclass(errno, errval)
sqlalchemy.exc.OperationalError: (pymysql.err.OperationalError) (1054, "Unknown column 'plants.strain' in 'SELECT'")
[SQL: SELECT plants.id, plants.plant_id, plants.device_id, plants.name, plants.strain, plants.start_date, plants.end_date
FROM plants]
(Background on this error at: https://sqlalche.me/e/20/e3q8)
Exception ignored in: <function Connection.__del__ at 0x7fb112eb60>
Traceback (most recent call last):
  File "/home/dave/plants_logs_server/venv/lib/python3.11/site-packages/aiomysql/connection.py", line 1131, in __del__
  File "/home/dave/plants_logs_server/venv/lib/python3.11/site-packages/aiomysql/connection.py", line 339, in close
  File "/usr/lib/python3.11/asyncio/selector_events.py", line 839, in close
  File "/usr/lib/python3.11/asyncio/base_events.py", line 761, in call_soon
  File "/usr/lib/python3.11/asyncio/base_events.py", line 519, in _check_closed
RuntimeError: Event loop is closed
