(venv) dave@Garden1:~/plants_logs_server $ python -m uvicorn app.main:app --host 0.0.0.0 --port 9000
Loaded DATABASE_URL from .env: mariadb+mariadbconnector://app_user:testpass123@172.16.1.150:3306/plant_logs
Modified DATABASE_URL for async: mariadb+aiomysql://app_user:testpass123@172.16.1.150:3306/plant_logs
INFO:     Started server process [229997]
INFO:     Waiting for application startup.

================================================================================
DATABASE INITIALIZATION
================================================================================
Connecting to database...
✓ Connected to database successfully

Checking 'users' table schema...
  ✓ Column 'first_name' already exists in 'users'
  ✓ Column 'last_name' already exists in 'users'
  ✓ Column 'is_suspended' already exists in 'users'
  Updating default value for 'is_active' in 'users'...
  ✓ Default value for 'is_active' is already 0

Checking 'device_shares' table...
  ✓ Table 'device_shares' already exists

================================================================================
✓ Database initialization complete!
================================================================================

Tables created or already exist.
ERROR:    Traceback (most recent call last):
  File "/home/dave/plants_logs_server/venv/lib/python3.11/site-packages/sqlalchemy/engine/base.py", line 1967, in _exec_single_context
    self.dialect.do_execute(
  File "/home/dave/plants_logs_server/venv/lib/python3.11/site-packages/sqlalchemy/engine/default.py", line 941, in do_execute
    cursor.execute(statement, parameters)
  File "/home/dave/plants_logs_server/venv/lib/python3.11/site-packages/sqlalchemy/dialects/mysql/aiomysql.py", line 95, in execute
    return self.await_(self._execute_async(operation, parameters))
           ^^^^^^^^^^^^^^^^^^^^^^^^^^^^^^^^^^^^^^^^^^^^^^^^^^^^^^^
  File "/home/dave/plants_logs_server/venv/lib/python3.11/site-packages/sqlalchemy/util/_concurrency_py3k.py", line 132, in await_only
    return current.parent.switch(awaitable)  # type: ignore[no-any-return,attr-defined] # noqa: E501
           ^^^^^^^^^^^^^^^^^^^^^^^^^^^^^^^^
  File "/home/dave/plants_logs_server/venv/lib/python3.11/site-packages/sqlalchemy/util/_concurrency_py3k.py", line 196, in greenlet_spawn
    value = await result
            ^^^^^^^^^^^^
  File "/home/dave/plants_logs_server/venv/lib/python3.11/site-packages/sqlalchemy/dialects/mysql/aiomysql.py", line 104, in _execute_async
    result = await self._cursor.execute(operation, parameters)
             ^^^^^^^^^^^^^^^^^^^^^^^^^^^^^^^^^^^^^^^^^^^^^^^^^
  File "/home/dave/plants_logs_server/venv/lib/python3.11/site-packages/aiomysql/cursors.py", line 239, in execute
    await self._query(query)
  File "/home/dave/plants_logs_server/venv/lib/python3.11/site-packages/aiomysql/cursors.py", line 457, in _query
    await conn.query(q)
  File "/home/dave/plants_logs_server/venv/lib/python3.11/site-packages/aiomysql/connection.py", line 469, in query
    await self._read_query_result(unbuffered=unbuffered)
  File "/home/dave/plants_logs_server/venv/lib/python3.11/site-packages/aiomysql/connection.py", line 683, in _read_query_result
    await result.read()
  File "/home/dave/plants_logs_server/venv/lib/python3.11/site-packages/aiomysql/connection.py", line 1164, in read
    first_packet = await self.connection._read_packet()
                   ^^^^^^^^^^^^^^^^^^^^^^^^^^^^^^^^^^^^
  File "/home/dave/plants_logs_server/venv/lib/python3.11/site-packages/aiomysql/connection.py", line 652, in _read_packet
    packet.raise_for_error()
  File "/home/dave/plants_logs_server/venv/lib/python3.11/site-packages/pymysql/protocol.py", line 219, in raise_for_error
    err.raise_mysql_exception(self._data)
  File "/home/dave/plants_logs_server/venv/lib/python3.11/site-packages/pymysql/err.py", line 150, in raise_mysql_exception
    raise errorclass(errno, errval)
pymysql.err.OperationalError: (1054, "Unknown column 'users.dashboard_preferences' in 'SELECT'")

The above exception was the direct cause of the following exception:

Traceback (most recent call last):
  File "/home/dave/plants_logs_server/venv/lib/python3.11/site-packages/starlette/routing.py", line 693, in lifespan
    async with self.lifespan_context(app) as maybe_state:
  File "/home/dave/plants_logs_server/venv/lib/python3.11/site-packages/starlette/routing.py", line 569, in __aenter__
    await self._router.startup()
  File "/home/dave/plants_logs_server/venv/lib/python3.11/site-packages/starlette/routing.py", line 670, in startup
    await handler()
  File "/home/dave/plants_logs_server/app/main.py", line 1876, in on_startup
    result = await session.execute(select(User).where(User.email == os.getenv("ADMIN_USERNAME")))
             ^^^^^^^^^^^^^^^^^^^^^^^^^^^^^^^^^^^^^^^^^^^^^^^^^^^^^^^^^^^^^^^^^^^^^^^^^^^^^^^^^^^^
  File "/home/dave/plants_logs_server/venv/lib/python3.11/site-packages/sqlalchemy/ext/asyncio/session.py", line 461, in execute
    result = await greenlet_spawn(
             ^^^^^^^^^^^^^^^^^^^^^
  File "/home/dave/plants_logs_server/venv/lib/python3.11/site-packages/sqlalchemy/util/_concurrency_py3k.py", line 201, in greenlet_spawn
    result = context.throw(*sys.exc_info())
             ^^^^^^^^^^^^^^^^^^^^^^^^^^^^^^
  File "/home/dave/plants_logs_server/venv/lib/python3.11/site-packages/sqlalchemy/orm/session.py", line 2362, in execute
    return self._execute_internal(
           ^^^^^^^^^^^^^^^^^^^^^^^
  File "/home/dave/plants_logs_server/venv/lib/python3.11/site-packages/sqlalchemy/orm/session.py", line 2247, in _execute_internal
    result: Result[Any] = compile_state_cls.orm_execute_statement(
                          ^^^^^^^^^^^^^^^^^^^^^^^^^^^^^^^^^^^^^^^^
  File "/home/dave/plants_logs_server/venv/lib/python3.11/site-packages/sqlalchemy/orm/context.py", line 305, in orm_execute_statement
    result = conn.execute(
             ^^^^^^^^^^^^^
  File "/home/dave/plants_logs_server/venv/lib/python3.11/site-packages/sqlalchemy/engine/base.py", line 1418, in execute
    return meth(
           ^^^^^
  File "/home/dave/plants_logs_server/venv/lib/python3.11/site-packages/sqlalchemy/sql/elements.py", line 515, in _execute_on_connection
    return connection._execute_clauseelement(
           ^^^^^^^^^^^^^^^^^^^^^^^^^^^^^^^^^^
  File "/home/dave/plants_logs_server/venv/lib/python3.11/site-packages/sqlalchemy/engine/base.py", line 1640, in _execute_clauseelement
    ret = self._execute_context(
          ^^^^^^^^^^^^^^^^^^^^^^
  File "/home/dave/plants_logs_server/venv/lib/python3.11/site-packages/sqlalchemy/engine/base.py", line 1846, in _execute_context
    return self._exec_single_context(
           ^^^^^^^^^^^^^^^^^^^^^^^^^^
  File "/home/dave/plants_logs_server/venv/lib/python3.11/site-packages/sqlalchemy/engine/base.py", line 1986, in _exec_single_context
    self._handle_dbapi_exception(
  File "/home/dave/plants_logs_server/venv/lib/python3.11/site-packages/sqlalchemy/engine/base.py", line 2355, in _handle_dbapi_exception
    raise sqlalchemy_exception.with_traceback(exc_info[2]) from e
  File "/home/dave/plants_logs_server/venv/lib/python3.11/site-packages/sqlalchemy/engine/base.py", line 1967, in _exec_single_context
    self.dialect.do_execute(
  File "/home/dave/plants_logs_server/venv/lib/python3.11/site-packages/sqlalchemy/engine/default.py", line 941, in do_execute
    cursor.execute(statement, parameters)
  File "/home/dave/plants_logs_server/venv/lib/python3.11/site-packages/sqlalchemy/dialects/mysql/aiomysql.py", line 95, in execute
    return self.await_(self._execute_async(operation, parameters))
           ^^^^^^^^^^^^^^^^^^^^^^^^^^^^^^^^^^^^^^^^^^^^^^^^^^^^^^^
  File "/home/dave/plants_logs_server/venv/lib/python3.11/site-packages/sqlalchemy/util/_concurrency_py3k.py", line 132, in await_only
    return current.parent.switch(awaitable)  # type: ignore[no-any-return,attr-defined] # noqa: E501
           ^^^^^^^^^^^^^^^^^^^^^^^^^^^^^^^^
  File "/home/dave/plants_logs_server/venv/lib/python3.11/site-packages/sqlalchemy/util/_concurrency_py3k.py", line 196, in greenlet_spawn
    value = await result
            ^^^^^^^^^^^^
  File "/home/dave/plants_logs_server/venv/lib/python3.11/site-packages/sqlalchemy/dialects/mysql/aiomysql.py", line 104, in _execute_async
    result = await self._cursor.execute(operation, parameters)
             ^^^^^^^^^^^^^^^^^^^^^^^^^^^^^^^^^^^^^^^^^^^^^^^^^
  File "/home/dave/plants_logs_server/venv/lib/python3.11/site-packages/aiomysql/cursors.py", line 239, in execute
    await self._query(query)
  File "/home/dave/plants_logs_server/venv/lib/python3.11/site-packages/aiomysql/cursors.py", line 457, in _query
    await conn.query(q)
  File "/home/dave/plants_logs_server/venv/lib/python3.11/site-packages/aiomysql/connection.py", line 469, in query
    await self._read_query_result(unbuffered=unbuffered)
  File "/home/dave/plants_logs_server/venv/lib/python3.11/site-packages/aiomysql/connection.py", line 683, in _read_query_result
    await result.read()
  File "/home/dave/plants_logs_server/venv/lib/python3.11/site-packages/aiomysql/connection.py", line 1164, in read
    first_packet = await self.connection._read_packet()
                   ^^^^^^^^^^^^^^^^^^^^^^^^^^^^^^^^^^^^
  File "/home/dave/plants_logs_server/venv/lib/python3.11/site-packages/aiomysql/connection.py", line 652, in _read_packet
    packet.raise_for_error()
  File "/home/dave/plants_logs_server/venv/lib/python3.11/site-packages/pymysql/protocol.py", line 219, in raise_for_error
    err.raise_mysql_exception(self._data)
  File "/home/dave/plants_logs_server/venv/lib/python3.11/site-packages/pymysql/err.py", line 150, in raise_mysql_exception
    raise errorclass(errno, errval)
sqlalchemy.exc.OperationalError: (pymysql.err.OperationalError) (1054, "Unknown column 'users.dashboard_preferences' in 'SELECT'")
[SQL: SELECT users.id, users.email, users.hashed_password, users.first_name, users.last_name, users.is_active, users.is_superuser, users.is_verified, users.is_suspended, users.dashboard_preferences
FROM users
WHERE users.email = %s]
[parameters: ('admin@example.com',)]
(Background on this error at: https://sqlalche.me/e/20/e3q8)

ERROR:    Application startup failed. Exiting.
